{"/Users/cmtlyt/code/package/cmtlyt/lingshu-toolkit/src/react/index.ts": {"path":"/Users/cmtlyt/code/package/cmtlyt/lingshu-toolkit/src/react/index.ts","statementMap":{},"fnMap":{},"branchMap":{},"s":{},"f":{},"b":{},"meta":{"lastBranch":0,"lastFunction":0,"lastStatement":0,"seen":{}}}
,"/Users/cmtlyt/code/package/cmtlyt/lingshu-toolkit/src/react/tsconfig.json": {"path":"/Users/cmtlyt/code/package/cmtlyt/lingshu-toolkit/src/react/tsconfig.json","statementMap":{},"fnMap":{},"branchMap":{},"s":{},"f":{},"b":{},"meta":{"lastBranch":0,"lastFunction":0,"lastStatement":0,"seen":{}}}
,"/Users/cmtlyt/code/package/cmtlyt/lingshu-toolkit/src/react/use-controllable-value/index.ts": {"path":"/Users/cmtlyt/code/package/cmtlyt/lingshu-toolkit/src/react/use-controllable-value/index.ts","statementMap":{"0":{"start":{"line":1,"column":60},"end":{"line":1,"column":null}},"1":{"start":{"line":12,"column":18},"end":{"line":16,"column":null}},"2":{"start":{"line":36,"column":35},"end":{"line":36,"column":null}},"3":{"start":{"line":39,"column":88},"end":{"line":39,"column":null}},"4":{"start":{"line":44,"column":6},"end":{"line":44,"column":null}},"5":{"start":{"line":46,"column":22},"end":{"line":46,"column":null}},"6":{"start":{"line":47,"column":27},"end":{"line":47,"column":null}},"7":{"start":{"line":49,"column":36},"end":{"line":49,"column":null}},"8":{"start":{"line":51,"column":19},"end":{"line":58,"column":null}},"9":{"start":{"line":52,"column":4},"end":{"line":54,"column":null}},"10":{"start":{"line":53,"column":6},"end":{"line":53,"column":null}},"11":{"start":{"line":55,"column":4},"end":{"line":57,"column":null}},"12":{"start":{"line":56,"column":6},"end":{"line":56,"column":null}},"13":{"start":{"line":60,"column":2},"end":{"line":66,"column":null}},"14":{"start":{"line":61,"column":4},"end":{"line":64,"column":null}},"15":{"start":{"line":62,"column":6},"end":{"line":62,"column":null}},"16":{"start":{"line":63,"column":6},"end":{"line":63,"column":null}},"17":{"start":{"line":65,"column":4},"end":{"line":65,"column":null}},"18":{"start":{"line":68,"column":2},"end":{"line":68,"column":null}}},"fnMap":{"0":{"name":"useControllableValue","decl":{"start":{"line":32,"column":16},"end":{"line":32,"column":null}},"loc":{"start":{"line":35,"column":80},"end":{"line":69,"column":null}},"line":35},"1":{"name":"(anonymous_1)","decl":{"start":{"line":51,"column":34},"end":{"line":51,"column":35}},"loc":{"start":{"line":51,"column":78},"end":{"line":58,"column":3}},"line":51},"2":{"name":"(anonymous_2)","decl":{"start":{"line":60,"column":12},"end":{"line":60,"column":18}},"loc":{"start":{"line":60,"column":18},"end":{"line":66,"column":5}},"line":60}},"branchMap":{"0":{"loc":{"start":{"line":35,"column":2},"end":{"line":35,"column":19}},"type":"default-arg","locations":[{"start":{"line":35,"column":10},"end":{"line":35,"column":19}}],"line":35},"1":{"loc":{"start":{"line":35,"column":19},"end":{"line":35,"column":80}},"type":"default-arg","locations":[{"start":{"line":35,"column":76},"end":{"line":35,"column":80}}],"line":35},"2":{"loc":{"start":{"line":42,"column":28},"end":{"line":42,"column":null}},"type":"default-arg","locations":[{"start":{"line":42,"column":43},"end":{"line":42,"column":null}}],"line":42},"3":{"loc":{"start":{"line":49,"column":45},"end":{"line":49,"column":112}},"type":"cond-expr","locations":[{"start":{"line":49,"column":68},"end":{"line":49,"column":100}},{"start":{"line":49,"column":100},"end":{"line":49,"column":112}}],"line":49},"4":{"loc":{"start":{"line":52,"column":4},"end":{"line":54,"column":null}},"type":"if","locations":[{"start":{"line":52,"column":4},"end":{"line":54,"column":null}},{"start":{},"end":{}}],"line":52},"5":{"loc":{"start":{"line":55,"column":4},"end":{"line":57,"column":null}},"type":"if","locations":[{"start":{"line":55,"column":4},"end":{"line":57,"column":null}},{"start":{},"end":{}}],"line":55},"6":{"loc":{"start":{"line":61,"column":4},"end":{"line":64,"column":null}},"type":"if","locations":[{"start":{"line":61,"column":4},"end":{"line":64,"column":null}},{"start":{},"end":{}}],"line":61},"7":{"loc":{"start":{"line":61,"column":8},"end":{"line":61,"column":58}},"type":"binary-expr","locations":[{"start":{"line":61,"column":8},"end":{"line":61,"column":36}},{"start":{"line":61,"column":36},"end":{"line":61,"column":58}}],"line":61}},"s":{"0":1,"1":1,"2":17,"3":17,"4":17,"5":17,"6":17,"7":17,"8":17,"9":7,"10":3,"11":7,"12":5,"13":17,"14":11,"15":9,"16":9,"17":2,"18":17},"f":{"0":17,"1":7,"2":11},"b":{"0":[17],"1":[17],"2":[17],"3":[9,8],"4":[3,4],"5":[5,2],"6":[9,2],"7":[11,2]},"meta":{"lastBranch":8,"lastFunction":3,"lastStatement":19,"seen":{"s:1:60:1:Infinity":0,"s:12:18:16:Infinity":1,"f:32:16:32:Infinity":0,"b:35:10:35:19":0,"b:35:76:35:80":1,"s:36:35:36:Infinity":2,"s:39:88:39:Infinity":3,"s:44:6:44:Infinity":4,"b:42:43:42:Infinity":2,"s:46:22:46:Infinity":5,"s:47:27:47:Infinity":6,"s:49:36:49:Infinity":7,"b:49:68:49:100:49:100:49:112":3,"s:51:19:58:Infinity":8,"f:51:34:51:35":1,"b:52:4:54:Infinity:undefined:undefined:undefined:undefined":4,"s:52:4:54:Infinity":9,"s:53:6:53:Infinity":10,"b:55:4:57:Infinity:undefined:undefined:undefined:undefined":5,"s:55:4:57:Infinity":11,"s:56:6:56:Infinity":12,"s:60:2:66:Infinity":13,"f:60:12:60:18":2,"b:61:4:64:Infinity:undefined:undefined:undefined:undefined":6,"s:61:4:64:Infinity":14,"b:61:8:61:36:61:36:61:58":7,"s:62:6:62:Infinity":15,"s:63:6:63:Infinity":16,"s:65:4:65:Infinity":17,"s:68:2:68:Infinity":18}}}
,"/Users/cmtlyt/code/package/cmtlyt/lingshu-toolkit/src/react/use-counter/index.ts": {"path":"/Users/cmtlyt/code/package/cmtlyt/lingshu-toolkit/src/react/use-counter/index.ts","statementMap":{"0":{"start":{"line":1,"column":58},"end":{"line":1,"column":null}},"1":{"start":{"line":12,"column":23},"end":{"line":12,"column":null}},"2":{"start":{"line":13,"column":2},"end":{"line":13,"column":null}},"3":{"start":{"line":17,"column":2},"end":{"line":27,"column":null}},"4":{"start":{"line":18,"column":4},"end":{"line":20,"column":null}},"5":{"start":{"line":19,"column":6},"end":{"line":19,"column":null}},"6":{"start":{"line":21,"column":4},"end":{"line":21,"column":null}},"7":{"start":{"line":22,"column":17},"end":{"line":22,"column":null}},"8":{"start":{"line":23,"column":4},"end":{"line":25,"column":null}},"9":{"start":{"line":24,"column":6},"end":{"line":24,"column":null}},"10":{"start":{"line":26,"column":4},"end":{"line":26,"column":null}},"11":{"start":{"line":30,"column":18},"end":{"line":34,"column":null}},"12":{"start":{"line":37,"column":35},"end":{"line":37,"column":null}},"13":{"start":{"line":38,"column":19},"end":{"line":38,"column":null}},"14":{"start":{"line":40,"column":26},"end":{"line":40,"column":null}},"15":{"start":{"line":41,"column":32},"end":{"line":41,"column":null}},"16":{"start":{"line":43,"column":19},"end":{"line":45,"column":null}},"17":{"start":{"line":44,"column":4},"end":{"line":44,"column":null}},"18":{"start":{"line":44,"column":21},"end":{"line":44,"column":101}},"19":{"start":{"line":47,"column":18},"end":{"line":55,"column":null}},"20":{"start":{"line":48,"column":18},"end":{"line":48,"column":null}},"21":{"start":{"line":50,"column":22},"end":{"line":50,"column":null}},"22":{"start":{"line":50,"column":41},"end":{"line":50,"column":null}},"23":{"start":{"line":50,"column":60},"end":{"line":50,"column":72}},"24":{"start":{"line":51,"column":22},"end":{"line":51,"column":null}},"25":{"start":{"line":51,"column":41},"end":{"line":51,"column":null}},"26":{"start":{"line":51,"column":60},"end":{"line":51,"column":72}},"27":{"start":{"line":52,"column":18},"end":{"line":52,"column":null}},"28":{"start":{"line":52,"column":24},"end":{"line":52,"column":null}},"29":{"start":{"line":54,"column":4},"end":{"line":54,"column":null}},"30":{"start":{"line":57,"column":2},"end":{"line":57,"column":null}}},"fnMap":{"0":{"name":"getRealValue","decl":{"start":{"line":11,"column":9},"end":{"line":11,"column":22}},"loc":{"start":{"line":11,"column":65},"end":{"line":14,"column":null}},"line":11},"1":{"name":"nanTransform","decl":{"start":{"line":16,"column":9},"end":{"line":16,"column":22}},"loc":{"start":{"line":16,"column":35},"end":{"line":28,"column":null}},"line":16},"2":{"name":"(anonymous_2)","decl":{"start":{"line":17,"column":9},"end":{"line":17,"column":10}},"loc":{"start":{"line":17,"column":26},"end":{"line":27,"column":null}},"line":17},"3":{"name":"useCounter","decl":{"start":{"line":36,"column":16},"end":{"line":36,"column":27}},"loc":{"start":{"line":36,"column":87},"end":{"line":58,"column":null}},"line":36},"4":{"name":"(anonymous_4)","decl":{"start":{"line":43,"column":34},"end":{"line":43,"column":35}},"loc":{"start":{"line":43,"column":82},"end":{"line":45,"column":3}},"line":43},"5":{"name":"(anonymous_5)","decl":{"start":{"line":44,"column":15},"end":{"line":44,"column":21}},"loc":{"start":{"line":44,"column":21},"end":{"line":44,"column":101}},"line":44},"6":{"name":"(anonymous_6)","decl":{"start":{"line":47,"column":26},"end":{"line":47,"column":32}},"loc":{"start":{"line":47,"column":32},"end":{"line":55,"column":5}},"line":47},"7":{"name":"(anonymous_7)","decl":{"start":{"line":50,"column":22},"end":{"line":50,"column":23}},"loc":{"start":{"line":50,"column":41},"end":{"line":50,"column":null}},"line":50},"8":{"name":"(anonymous_8)","decl":{"start":{"line":50,"column":50},"end":{"line":50,"column":51}},"loc":{"start":{"line":50,"column":60},"end":{"line":50,"column":72}},"line":50},"9":{"name":"(anonymous_9)","decl":{"start":{"line":51,"column":22},"end":{"line":51,"column":23}},"loc":{"start":{"line":51,"column":41},"end":{"line":51,"column":null}},"line":51},"10":{"name":"(anonymous_10)","decl":{"start":{"line":51,"column":50},"end":{"line":51,"column":51}},"loc":{"start":{"line":51,"column":60},"end":{"line":51,"column":72}},"line":51},"11":{"name":"(anonymous_11)","decl":{"start":{"line":52,"column":18},"end":{"line":52,"column":24}},"loc":{"start":{"line":52,"column":24},"end":{"line":52,"column":null}},"line":52}},"branchMap":{"0":{"loc":{"start":{"line":18,"column":4},"end":{"line":20,"column":null}},"type":"if","locations":[{"start":{"line":18,"column":4},"end":{"line":20,"column":null}},{"start":{},"end":{}}],"line":18},"1":{"loc":{"start":{"line":23,"column":4},"end":{"line":25,"column":null}},"type":"if","locations":[{"start":{"line":23,"column":4},"end":{"line":25,"column":null}},{"start":{},"end":{}}],"line":23},"2":{"loc":{"start":{"line":36,"column":27},"end":{"line":36,"column":45}},"type":"default-arg","locations":[{"start":{"line":36,"column":42},"end":{"line":36,"column":45}}],"line":36},"3":{"loc":{"start":{"line":36,"column":45},"end":{"line":36,"column":87}},"type":"default-arg","locations":[{"start":{"line":36,"column":83},"end":{"line":36,"column":87}}],"line":36},"4":{"loc":{"start":{"line":44,"column":34},"end":{"line":44,"column":88}},"type":"cond-expr","locations":[{"start":{"line":44,"column":64},"end":{"line":44,"column":81}},{"start":{"line":44,"column":81},"end":{"line":44,"column":88}}],"line":44},"5":{"loc":{"start":{"line":50,"column":23},"end":{"line":50,"column":41}},"type":"default-arg","locations":[{"start":{"line":50,"column":31},"end":{"line":50,"column":41}}],"line":50},"6":{"loc":{"start":{"line":51,"column":23},"end":{"line":51,"column":41}},"type":"default-arg","locations":[{"start":{"line":51,"column":31},"end":{"line":51,"column":41}}],"line":51}},"s":{"0":2,"1":18,"2":18,"3":6,"4":19,"5":15,"6":4,"7":4,"8":4,"9":2,"10":2,"11":2,"12":7,"13":7,"14":7,"15":7,"16":7,"17":4,"18":4,"19":7,"20":2,"21":2,"22":2,"23":2,"24":2,"25":1,"26":1,"27":2,"28":1,"29":2,"30":7},"f":{"0":18,"1":6,"2":19,"3":7,"4":4,"5":4,"6":2,"7":2,"8":2,"9":1,"10":1,"11":1},"b":{"0":[15,4],"1":[2,2],"2":[7],"3":[7],"4":[3,1],"5":[2],"6":[1]},"meta":{"lastBranch":7,"lastFunction":12,"lastStatement":31,"seen":{"s:1:58:1:Infinity":0,"f:11:9:11:22":0,"s:12:23:12:Infinity":1,"s:13:2:13:Infinity":2,"f:16:9:16:22":1,"s:17:2:27:Infinity":3,"f:17:9:17:10":2,"b:18:4:20:Infinity:undefined:undefined:undefined:undefined":0,"s:18:4:20:Infinity":4,"s:19:6:19:Infinity":5,"s:21:4:21:Infinity":6,"s:22:17:22:Infinity":7,"b:23:4:25:Infinity:undefined:undefined:undefined:undefined":1,"s:23:4:25:Infinity":8,"s:24:6:24:Infinity":9,"s:26:4:26:Infinity":10,"s:30:18:34:Infinity":11,"f:36:16:36:27":3,"b:36:42:36:45":2,"b:36:83:36:87":3,"s:37:35:37:Infinity":12,"s:38:19:38:Infinity":13,"s:40:26:40:Infinity":14,"s:41:32:41:Infinity":15,"s:43:19:45:Infinity":16,"f:43:34:43:35":4,"s:44:4:44:Infinity":17,"f:44:15:44:21":5,"s:44:21:44:101":18,"b:44:64:44:81:44:81:44:88":4,"s:47:18:55:Infinity":19,"f:47:26:47:32":6,"s:48:18:48:Infinity":20,"s:50:22:50:Infinity":21,"f:50:22:50:23":7,"s:50:41:50:Infinity":22,"b:50:31:50:41":5,"f:50:50:50:51":8,"s:50:60:50:72":23,"s:51:22:51:Infinity":24,"f:51:22:51:23":9,"s:51:41:51:Infinity":25,"b:51:31:51:41":6,"f:51:50:51:51":10,"s:51:60:51:72":26,"s:52:18:52:Infinity":27,"f:52:18:52:24":11,"s:52:24:52:Infinity":28,"s:54:4:54:Infinity":29,"s:57:2:57:Infinity":30}}}
,"/Users/cmtlyt/code/package/cmtlyt/lingshu-toolkit/src/react/use-valid-data/index.ts": {"path":"/Users/cmtlyt/code/package/cmtlyt/lingshu-toolkit/src/react/use-valid-data/index.ts","statementMap":{"0":{"start":{"line":1,"column":32},"end":{"line":1,"column":null}},"1":{"start":{"line":11,"column":24},"end":{"line":11,"column":null}},"2":{"start":{"line":12,"column":21},"end":{"line":12,"column":null}},"3":{"start":{"line":14,"column":2},"end":{"line":14,"column":null}},"4":{"start":{"line":14,"column":23},"end":{"line":14,"column":85}}},"fnMap":{"0":{"name":"useValidData","decl":{"start":{"line":6,"column":16},"end":{"line":6,"column":null}},"loc":{"start":{"line":10,"column":2},"end":{"line":15,"column":null}},"line":10},"1":{"name":"(anonymous_1)","decl":{"start":{"line":14,"column":17},"end":{"line":14,"column":23}},"loc":{"start":{"line":14,"column":23},"end":{"line":14,"column":85}},"line":14}},"branchMap":{},"s":{"0":2,"1":28,"2":28,"3":28,"4":27},"f":{"0":28,"1":27},"b":{},"meta":{"lastBranch":0,"lastFunction":2,"lastStatement":5,"seen":{"s:1:32:1:Infinity":0,"f:6:16:6:Infinity":0,"s:11:24:11:Infinity":1,"s:12:21:12:Infinity":2,"s:14:2:14:Infinity":3,"f:14:17:14:23":1,"s:14:23:14:85":4}}}
,"/Users/cmtlyt/code/package/cmtlyt/lingshu-toolkit/src/shared/index.ts": {"path":"/Users/cmtlyt/code/package/cmtlyt/lingshu-toolkit/src/shared/index.ts","statementMap":{},"fnMap":{},"branchMap":{},"s":{},"f":{},"b":{},"meta":{"lastBranch":0,"lastFunction":0,"lastStatement":0,"seen":{}}}
,"/Users/cmtlyt/code/package/cmtlyt/lingshu-toolkit/src/shared/data-handler/index.ts": {"path":"/Users/cmtlyt/code/package/cmtlyt/lingshu-toolkit/src/shared/data-handler/index.ts","statementMap":{"0":{"start":{"line":37,"column":29},"end":{"line":41,"column":null}},"1":{"start":{"line":43,"column":34},"end":{"line":54,"column":null}},"2":{"start":{"line":45,"column":6},"end":{"line":47,"column":null}},"3":{"start":{"line":46,"column":8},"end":{"line":46,"column":null}},"4":{"start":{"line":48,"column":6},"end":{"line":48,"column":null}},"5":{"start":{"line":49,"column":6},"end":{"line":49,"column":null}},"6":{"start":{"line":52,"column":6},"end":{"line":52,"column":null}},"7":{"start":{"line":56,"column":2},"end":{"line":74,"column":null}},"8":{"start":{"line":60,"column":7},"end":{"line":73,"column":null}},"9":{"start":{"line":62,"column":10},"end":{"line":64,"column":null}},"10":{"start":{"line":63,"column":12},"end":{"line":63,"column":null}},"11":{"start":{"line":65,"column":10},"end":{"line":65,"column":null}},"12":{"start":{"line":68,"column":10},"end":{"line":70,"column":null}},"13":{"start":{"line":69,"column":12},"end":{"line":69,"column":null}},"14":{"start":{"line":71,"column":10},"end":{"line":71,"column":null}},"15":{"start":{"line":78,"column":2},"end":{"line":80,"column":null}},"16":{"start":{"line":79,"column":4},"end":{"line":79,"column":null}},"17":{"start":{"line":81,"column":2},"end":{"line":83,"column":null}},"18":{"start":{"line":81,"column":15},"end":{"line":81,"column":18}},"19":{"start":{"line":81,"column":33},"end":{"line":81,"column":48}},"20":{"start":{"line":82,"column":4},"end":{"line":82,"column":null}},"21":{"start":{"line":93,"column":2},"end":{"line":98,"column":null}},"22":{"start":{"line":93,"column":15},"end":{"line":93,"column":18}},"23":{"start":{"line":93,"column":24},"end":{"line":93,"column":33}},"24":{"start":{"line":94,"column":17},"end":{"line":94,"column":null}},"25":{"start":{"line":95,"column":4},"end":{"line":97,"column":null}},"26":{"start":{"line":96,"column":6},"end":{"line":96,"column":null}},"27":{"start":{"line":102,"column":2},"end":{"line":104,"column":null}},"28":{"start":{"line":103,"column":4},"end":{"line":103,"column":null}},"29":{"start":{"line":105,"column":2},"end":{"line":109,"column":null}},"30":{"start":{"line":106,"column":4},"end":{"line":106,"column":null}},"31":{"start":{"line":107,"column":2},"end":{"line":109,"column":null}},"32":{"start":{"line":108,"column":4},"end":{"line":108,"column":null}},"33":{"start":{"line":113,"column":2},"end":{"line":115,"column":null}},"34":{"start":{"line":114,"column":4},"end":{"line":114,"column":null}},"35":{"start":{"line":126,"column":2},"end":{"line":128,"column":null}},"36":{"start":{"line":127,"column":4},"end":{"line":127,"column":null}},"37":{"start":{"line":129,"column":57},"end":{"line":129,"column":null}},"38":{"start":{"line":130,"column":28},"end":{"line":130,"column":null}},"39":{"start":{"line":131,"column":19},"end":{"line":133,"column":null}},"40":{"start":{"line":133,"column":63},"end":{"line":133,"column":null}},"41":{"start":{"line":135,"column":45},"end":{"line":135,"column":null}},"42":{"start":{"line":137,"column":15},"end":{"line":137,"column":null}},"43":{"start":{"line":138,"column":43},"end":{"line":138,"column":null}},"44":{"start":{"line":140,"column":2},"end":{"line":140,"column":null}},"45":{"start":{"line":142,"column":2},"end":{"line":142,"column":null}},"46":{"start":{"line":144,"column":2},"end":{"line":144,"column":null}},"47":{"start":{"line":146,"column":2},"end":{"line":146,"column":null}},"48":{"start":{"line":148,"column":2},"end":{"line":148,"column":null}}},"fnMap":{"0":{"name":"createActions","decl":{"start":{"line":36,"column":9},"end":{"line":36,"column":25}},"loc":{"start":{"line":36,"column":25},"end":{"line":75,"column":null}},"line":36},"1":{"name":"(anonymous_1)","decl":{"start":{"line":44,"column":4},"end":{"line":44,"column":13}},"loc":{"start":{"line":44,"column":55},"end":{"line":50,"column":null}},"line":44},"2":{"name":"(anonymous_2)","decl":{"start":{"line":51,"column":4},"end":{"line":51,"column":17}},"loc":{"start":{"line":51,"column":29},"end":{"line":53,"column":null}},"line":51},"3":{"name":"(anonymous_3)","decl":{"start":{"line":59,"column":4},"end":{"line":59,"column":5}},"loc":{"start":{"line":60,"column":7},"end":{"line":73,"column":null}},"line":60},"4":{"name":"(anonymous_4)","decl":{"start":{"line":61,"column":16},"end":{"line":61,"column":17}},"loc":{"start":{"line":61,"column":63},"end":{"line":66,"column":null}},"line":61},"5":{"name":"(anonymous_5)","decl":{"start":{"line":67,"column":19},"end":{"line":67,"column":20}},"loc":{"start":{"line":67,"column":30},"end":{"line":72,"column":null}},"line":67},"6":{"name":"transformApply","decl":{"start":{"line":77,"column":9},"end":{"line":77,"column":24}},"loc":{"start":{"line":77,"column":90},"end":{"line":84,"column":null}},"line":77},"7":{"name":"handleProcess","decl":{"start":{"line":86,"column":9},"end":{"line":86,"column":null}},"loc":{"start":{"line":92,"column":2},"end":{"line":99,"column":null}},"line":92},"8":{"name":"errorProcess","decl":{"start":{"line":101,"column":9},"end":{"line":101,"column":22}},"loc":{"start":{"line":101,"column":100},"end":{"line":110,"column":null}},"line":101},"9":{"name":"filterData","decl":{"start":{"line":112,"column":9},"end":{"line":112,"column":20}},"loc":{"start":{"line":112,"column":117},"end":{"line":116,"column":null}},"line":112},"10":{"name":"(anonymous_10)","decl":{"start":{"line":113,"column":31},"end":{"line":113,"column":32}},"loc":{"start":{"line":113,"column":40},"end":{"line":115,"column":3}},"line":113},"11":{"name":"dataHandler","decl":{"start":{"line":118,"column":16},"end":{"line":118,"column":null}},"loc":{"start":{"line":125,"column":55},"end":{"line":149,"column":null}},"line":125},"12":{"name":"(anonymous_12)","decl":{"start":{"line":133,"column":6},"end":{"line":133,"column":7}},"loc":{"start":{"line":133,"column":63},"end":{"line":133,"column":null}},"line":133}},"branchMap":{"0":{"loc":{"start":{"line":44,"column":18},"end":{"line":44,"column":55}},"type":"default-arg","locations":[{"start":{"line":44,"column":24},"end":{"line":44,"column":55}}],"line":44},"1":{"loc":{"start":{"line":45,"column":6},"end":{"line":47,"column":null}},"type":"if","locations":[{"start":{"line":45,"column":6},"end":{"line":47,"column":null}},{"start":{},"end":{}}],"line":45},"2":{"loc":{"start":{"line":61,"column":23},"end":{"line":61,"column":63}},"type":"default-arg","locations":[{"start":{"line":61,"column":29},"end":{"line":61,"column":63}}],"line":61},"3":{"loc":{"start":{"line":62,"column":10},"end":{"line":64,"column":null}},"type":"if","locations":[{"start":{"line":62,"column":10},"end":{"line":64,"column":null}},{"start":{},"end":{}}],"line":62},"4":{"loc":{"start":{"line":68,"column":10},"end":{"line":70,"column":null}},"type":"if","locations":[{"start":{"line":68,"column":10},"end":{"line":70,"column":null}},{"start":{},"end":{}}],"line":68},"5":{"loc":{"start":{"line":78,"column":2},"end":{"line":80,"column":null}},"type":"if","locations":[{"start":{"line":78,"column":2},"end":{"line":80,"column":null}},{"start":{},"end":{}}],"line":78},"6":{"loc":{"start":{"line":81,"column":86},"end":{"line":81,"column":109}},"type":"binary-expr","locations":[{"start":{"line":81,"column":86},"end":{"line":81,"column":105}},{"start":{"line":81,"column":105},"end":{"line":81,"column":109}}],"line":81},"7":{"loc":{"start":{"line":95,"column":4},"end":{"line":97,"column":null}},"type":"if","locations":[{"start":{"line":95,"column":4},"end":{"line":97,"column":null}},{"start":{},"end":{}}],"line":95},"8":{"loc":{"start":{"line":102,"column":2},"end":{"line":104,"column":null}},"type":"if","locations":[{"start":{"line":102,"column":2},"end":{"line":104,"column":null}},{"start":{},"end":{}}],"line":102},"9":{"loc":{"start":{"line":105,"column":2},"end":{"line":109,"column":null}},"type":"if","locations":[{"start":{"line":105,"column":2},"end":{"line":109,"column":null}},{"start":{"line":107,"column":2},"end":{"line":109,"column":null}}],"line":105},"10":{"loc":{"start":{"line":107,"column":2},"end":{"line":109,"column":null}},"type":"if","locations":[{"start":{"line":107,"column":2},"end":{"line":109,"column":null}},{"start":{},"end":{}}],"line":107},"11":{"loc":{"start":{"line":112,"column":72},"end":{"line":112,"column":117}},"type":"default-arg","locations":[{"start":{"line":112,"column":113},"end":{"line":112,"column":117}}],"line":112},"12":{"loc":{"start":{"line":126,"column":2},"end":{"line":128,"column":null}},"type":"if","locations":[{"start":{"line":126,"column":2},"end":{"line":128,"column":null}},{"start":{},"end":{}}],"line":126},"13":{"loc":{"start":{"line":129,"column":10},"end":{"line":129,"column":26}},"type":"default-arg","locations":[{"start":{"line":129,"column":19},"end":{"line":129,"column":26}}],"line":129},"14":{"loc":{"start":{"line":129,"column":57},"end":{"line":129,"column":null}},"type":"binary-expr","locations":[{"start":{"line":129,"column":57},"end":{"line":129,"column":68}},{"start":{"line":129,"column":68},"end":{"line":129,"column":null}}],"line":129},"15":{"loc":{"start":{"line":131,"column":19},"end":{"line":133,"column":null}},"type":"cond-expr","locations":[{"start":{"line":132,"column":6},"end":{"line":132,"column":null}},{"start":{"line":133,"column":6},"end":{"line":133,"column":null}}],"line":131},"16":{"loc":{"start":{"line":137,"column":15},"end":{"line":137,"column":null}},"type":"cond-expr","locations":[{"start":{"line":137,"column":35},"end":{"line":137,"column":59}},{"start":{"line":137,"column":59},"end":{"line":137,"column":null}}],"line":137}},"s":{"0":59,"1":59,"2":13,"3":1,"4":12,"5":12,"6":75,"7":59,"8":125,"9":4,"10":2,"11":4,"12":76,"13":75,"14":76,"15":58,"16":24,"17":34,"18":34,"19":34,"20":75,"21":59,"22":59,"23":59,"24":125,"25":125,"26":11,"27":59,"28":47,"29":12,"30":2,"31":10,"32":1,"33":58,"34":11,"35":60,"36":1,"37":59,"38":60,"39":60,"40":122,"41":60,"42":60,"43":60,"44":60,"45":60,"46":60,"47":60,"48":60},"f":{"0":59,"1":13,"2":75,"3":125,"4":4,"5":76,"6":58,"7":59,"8":59,"9":58,"10":11,"11":60,"12":122},"b":{"0":[13],"1":[1,12],"2":[4],"3":[2,2],"4":[75,1],"5":[24,34],"6":[34,34],"7":[11,114],"8":[47,12],"9":[2,10],"10":[1,9],"11":[58],"12":[1,59],"13":[59],"14":[59,53],"15":[2,122],"16":[2,57]},"meta":{"lastBranch":17,"lastFunction":13,"lastStatement":49,"seen":{"f:36:9:36:25":0,"s:37:29:41:Infinity":0,"s:43:34:54:Infinity":1,"f:44:4:44:13":1,"b:44:24:44:55":0,"b:45:6:47:Infinity:undefined:undefined:undefined:undefined":1,"s:45:6:47:Infinity":2,"s:46:8:46:Infinity":3,"s:48:6:48:Infinity":4,"s:49:6:49:Infinity":5,"f:51:4:51:17":2,"s:52:6:52:Infinity":6,"s:56:2:74:Infinity":7,"f:59:4:59:5":3,"s:60:7:73:Infinity":8,"f:61:16:61:17":4,"b:61:29:61:63":2,"b:62:10:64:Infinity:undefined:undefined:undefined:undefined":3,"s:62:10:64:Infinity":9,"s:63:12:63:Infinity":10,"s:65:10:65:Infinity":11,"f:67:19:67:20":5,"b:68:10:70:Infinity:undefined:undefined:undefined:undefined":4,"s:68:10:70:Infinity":12,"s:69:12:69:Infinity":13,"s:71:10:71:Infinity":14,"f:77:9:77:24":6,"b:78:2:80:Infinity:undefined:undefined:undefined:undefined":5,"s:78:2:80:Infinity":15,"s:79:4:79:Infinity":16,"s:81:2:83:Infinity":17,"s:81:15:81:18":18,"s:81:33:81:48":19,"b:81:86:81:105:81:105:81:109":6,"s:82:4:82:Infinity":20,"f:86:9:86:Infinity":7,"s:93:2:98:Infinity":21,"s:93:15:93:18":22,"s:93:24:93:33":23,"s:94:17:94:Infinity":24,"b:95:4:97:Infinity:undefined:undefined:undefined:undefined":7,"s:95:4:97:Infinity":25,"s:96:6:96:Infinity":26,"f:101:9:101:22":8,"b:102:2:104:Infinity:undefined:undefined:undefined:undefined":8,"s:102:2:104:Infinity":27,"s:103:4:103:Infinity":28,"b:105:2:109:Infinity:107:2:109:Infinity":9,"s:105:2:109:Infinity":29,"s:106:4:106:Infinity":30,"b:107:2:109:Infinity:undefined:undefined:undefined:undefined":10,"s:107:2:109:Infinity":31,"s:108:4:108:Infinity":32,"f:112:9:112:20":9,"b:112:113:112:117":11,"s:113:2:115:Infinity":33,"f:113:31:113:32":10,"s:114:4:114:Infinity":34,"f:118:16:118:Infinity":11,"b:126:2:128:Infinity:undefined:undefined:undefined:undefined":12,"s:126:2:128:Infinity":35,"s:127:4:127:Infinity":36,"s:129:57:129:Infinity":37,"b:129:19:129:26":13,"b:129:57:129:68:129:68:129:Infinity":14,"s:130:28:130:Infinity":38,"s:131:19:133:Infinity":39,"b:132:6:132:Infinity:133:6:133:Infinity":15,"f:133:6:133:7":12,"s:133:63:133:Infinity":40,"s:135:45:135:Infinity":41,"s:137:15:137:Infinity":42,"b:137:35:137:59:137:59:137:Infinity":16,"s:138:43:138:Infinity":43,"s:140:2:140:Infinity":44,"s:142:2:142:Infinity":45,"s:144:2:144:Infinity":46,"s:146:2:146:Infinity":47,"s:148:2:148:Infinity":48}}}
,"/Users/cmtlyt/code/package/cmtlyt/lingshu-toolkit/src/shared/data-handler/tools.ts": {"path":"/Users/cmtlyt/code/package/cmtlyt/lingshu-toolkit/src/shared/data-handler/tools.ts","statementMap":{"0":{"start":{"line":5,"column":2},"end":{"line":5,"column":null}},"1":{"start":{"line":13,"column":2},"end":{"line":26,"column":null}},"2":{"start":{"line":14,"column":4},"end":{"line":26,"column":null}},"3":{"start":{"line":15,"column":6},"end":{"line":17,"column":null}},"4":{"start":{"line":16,"column":8},"end":{"line":16,"column":null}},"5":{"start":{"line":18,"column":6},"end":{"line":20,"column":null}},"6":{"start":{"line":19,"column":8},"end":{"line":19,"column":null}},"7":{"start":{"line":21,"column":26},"end":{"line":21,"column":null}},"8":{"start":{"line":22,"column":6},"end":{"line":24,"column":null}},"9":{"start":{"line":23,"column":8},"end":{"line":23,"column":null}},"10":{"start":{"line":25,"column":6},"end":{"line":25,"column":null}},"11":{"start":{"line":29,"column":18},"end":{"line":40,"column":null}},"12":{"start":{"line":30,"column":50},"end":{"line":30,"column":60}},"13":{"start":{"line":32,"column":50},"end":{"line":32,"column":89}},"14":{"start":{"line":34,"column":50},"end":{"line":34,"column":93}},"15":{"start":{"line":45,"column":55},"end":{"line":45,"column":null}},"16":{"start":{"line":46,"column":15},"end":{"line":46,"column":null}},"17":{"start":{"line":47,"column":2},"end":{"line":58,"column":null}},"18":{"start":{"line":47,"column":15},"end":{"line":47,"column":18}},"19":{"start":{"line":47,"column":24},"end":{"line":47,"column":33}},"20":{"start":{"line":47,"column":40},"end":{"line":47,"column":55}},"21":{"start":{"line":48,"column":4},"end":{"line":51,"column":null}},"22":{"start":{"line":49,"column":6},"end":{"line":49,"column":null}},"23":{"start":{"line":50,"column":6},"end":{"line":50,"column":null}},"24":{"start":{"line":52,"column":20},"end":{"line":52,"column":null}},"25":{"start":{"line":53,"column":4},"end":{"line":56,"column":null}},"26":{"start":{"line":54,"column":6},"end":{"line":54,"column":null}},"27":{"start":{"line":55,"column":6},"end":{"line":55,"column":null}},"28":{"start":{"line":57,"column":4},"end":{"line":57,"column":null}},"29":{"start":{"line":59,"column":2},"end":{"line":59,"column":null}},"30":{"start":{"line":62,"column":19},"end":{"line":62,"column":null}}},"fnMap":{"0":{"name":"getType","decl":{"start":{"line":4,"column":9},"end":{"line":4,"column":17}},"loc":{"start":{"line":4,"column":26},"end":{"line":6,"column":null}},"line":4},"1":{"name":"typeHandler","decl":{"start":{"line":12,"column":9},"end":{"line":12,"column":21}},"loc":{"start":{"line":12,"column":65},"end":{"line":27,"column":null}},"line":12},"2":{"name":"(anonymous_2)","decl":{"start":{"line":13,"column":9},"end":{"line":13,"column":10}},"loc":{"start":{"line":14,"column":4},"end":{"line":26,"column":null}},"line":14},"3":{"name":"(anonymous_3)","decl":{"start":{"line":14,"column":4},"end":{"line":14,"column":5}},"loc":{"start":{"line":14,"column":21},"end":{"line":26,"column":null}},"line":14},"4":{"name":"(anonymous_4)","decl":{"start":{"line":30,"column":42},"end":{"line":30,"column":43}},"loc":{"start":{"line":30,"column":50},"end":{"line":30,"column":60}},"line":30},"5":{"name":"(anonymous_5)","decl":{"start":{"line":32,"column":42},"end":{"line":32,"column":43}},"loc":{"start":{"line":32,"column":50},"end":{"line":32,"column":89}},"line":32},"6":{"name":"(anonymous_6)","decl":{"start":{"line":34,"column":42},"end":{"line":34,"column":43}},"loc":{"start":{"line":34,"column":50},"end":{"line":34,"column":93}},"line":34},"7":{"name":"defineTransform","decl":{"start":{"line":42,"column":16},"end":{"line":42,"column":null}},"loc":{"start":{"line":44,"column":2},"end":{"line":60,"column":null}},"line":44}},"branchMap":{"0":{"loc":{"start":{"line":15,"column":6},"end":{"line":17,"column":null}},"type":"if","locations":[{"start":{"line":15,"column":6},"end":{"line":17,"column":null}},{"start":{},"end":{}}],"line":15},"1":{"loc":{"start":{"line":15,"column":10},"end":{"line":15,"column":58}},"type":"cond-expr","locations":[{"start":{"line":15,"column":21},"end":{"line":15,"column":36}},{"start":{"line":15,"column":36},"end":{"line":15,"column":58}}],"line":15},"2":{"loc":{"start":{"line":18,"column":6},"end":{"line":20,"column":null}},"type":"if","locations":[{"start":{"line":18,"column":6},"end":{"line":20,"column":null}},{"start":{},"end":{}}],"line":18},"3":{"loc":{"start":{"line":22,"column":6},"end":{"line":24,"column":null}},"type":"if","locations":[{"start":{"line":22,"column":6},"end":{"line":24,"column":null}},{"start":{},"end":{}}],"line":22},"4":{"loc":{"start":{"line":32,"column":50},"end":{"line":32,"column":89}},"type":"binary-expr","locations":[{"start":{"line":32,"column":50},"end":{"line":32,"column":76}},{"start":{"line":32,"column":76},"end":{"line":32,"column":89}}],"line":32},"5":{"loc":{"start":{"line":34,"column":50},"end":{"line":34,"column":93}},"type":"binary-expr","locations":[{"start":{"line":34,"column":50},"end":{"line":34,"column":76}},{"start":{"line":34,"column":76},"end":{"line":34,"column":93}}],"line":34},"6":{"loc":{"start":{"line":48,"column":4},"end":{"line":51,"column":null}},"type":"if","locations":[{"start":{"line":48,"column":4},"end":{"line":51,"column":null}},{"start":{},"end":{}}],"line":48},"7":{"loc":{"start":{"line":53,"column":4},"end":{"line":56,"column":null}},"type":"if","locations":[{"start":{"line":53,"column":4},"end":{"line":56,"column":null}},{"start":{},"end":{}}],"line":53}},"s":{"0":20,"1":40,"2":49,"3":105,"4":28,"5":77,"6":5,"7":72,"8":72,"9":23,"10":72,"11":3,"12":5,"13":55,"14":25,"15":26,"16":26,"17":26,"18":26,"19":26,"20":26,"21":52,"22":27,"23":27,"24":25,"25":25,"26":1,"27":1,"28":24,"29":26,"30":3},"f":{"0":20,"1":40,"2":49,"3":105,"4":5,"5":55,"6":25,"7":26},"b":{"0":[28,77],"1":[85,20],"2":[5,72],"3":[23,49],"4":[55,7],"5":[25,5],"6":[27,25],"7":[1,24]},"meta":{"lastBranch":8,"lastFunction":8,"lastStatement":31,"seen":{"f:4:9:4:17":0,"s:5:2:5:Infinity":0,"f:12:9:12:21":1,"s:13:2:26:Infinity":1,"f:13:9:13:10":2,"s:14:4:26:Infinity":2,"f:14:4:14:5":3,"b:15:6:17:Infinity:undefined:undefined:undefined:undefined":0,"s:15:6:17:Infinity":3,"b:15:21:15:36:15:36:15:58":1,"s:16:8:16:Infinity":4,"b:18:6:20:Infinity:undefined:undefined:undefined:undefined":2,"s:18:6:20:Infinity":5,"s:19:8:19:Infinity":6,"s:21:26:21:Infinity":7,"b:22:6:24:Infinity:undefined:undefined:undefined:undefined":3,"s:22:6:24:Infinity":8,"s:23:8:23:Infinity":9,"s:25:6:25:Infinity":10,"s:29:18:40:Infinity":11,"f:30:42:30:43":4,"s:30:50:30:60":12,"f:32:42:32:43":5,"s:32:50:32:89":13,"b:32:50:32:76:32:76:32:89":4,"f:34:42:34:43":6,"s:34:50:34:93":14,"b:34:50:34:76:34:76:34:93":5,"f:42:16:42:Infinity":7,"s:45:55:45:Infinity":15,"s:46:15:46:Infinity":16,"s:47:2:58:Infinity":17,"s:47:15:47:18":18,"s:47:24:47:33":19,"s:47:40:47:55":20,"b:48:4:51:Infinity:undefined:undefined:undefined:undefined":6,"s:48:4:51:Infinity":21,"s:49:6:49:Infinity":22,"s:50:6:50:Infinity":23,"s:52:20:52:Infinity":24,"b:53:4:56:Infinity:undefined:undefined:undefined:undefined":7,"s:53:4:56:Infinity":25,"s:54:6:54:Infinity":26,"s:55:6:55:Infinity":27,"s:57:4:57:Infinity":28,"s:59:2:59:Infinity":29,"s:62:19:62:Infinity":30}}}
,"/Users/cmtlyt/code/package/cmtlyt/lingshu-toolkit/src/shared/logger/index.ts": {"path":"/Users/cmtlyt/code/package/cmtlyt/lingshu-toolkit/src/shared/logger/index.ts","statementMap":{"0":{"start":{"line":1,"column":22},"end":{"line":8,"column":null}},"1":{"start":{"line":3,"column":19},"end":{"line":3,"column":null}},"2":{"start":{"line":4,"column":4},"end":{"line":6,"column":null}},"3":{"start":{"line":5,"column":6},"end":{"line":5,"column":null}}},"fnMap":{"0":{"name":"(anonymous_0)","decl":{"start":{"line":2,"column":2},"end":{"line":2,"column":6}},"loc":{"start":{"line":2,"column":30},"end":{"line":7,"column":null}},"line":2},"1":{"name":"(anonymous_1)","decl":{"start":{"line":4,"column":11},"end":{"line":4,"column":15}},"loc":{"start":{"line":4,"column":29},"end":{"line":6,"column":null}},"line":4}},"branchMap":{},"s":{"0":3,"1":5,"2":5,"3":5},"f":{"0":5,"1":5},"b":{},"meta":{"lastBranch":0,"lastFunction":2,"lastStatement":4,"seen":{"s:1:22:8:Infinity":0,"f:2:2:2:6":0,"s:3:19:3:Infinity":1,"s:4:4:6:Infinity":2,"f:4:11:4:15":1,"s:5:6:5:Infinity":3}}}
,"/Users/cmtlyt/code/package/cmtlyt/lingshu-toolkit/src/shared/throw-error/index.ts": {"path":"/Users/cmtlyt/code/package/cmtlyt/lingshu-toolkit/src/shared/throw-error/index.ts","statementMap":{"0":{"start":{"line":2,"column":2},"end":{"line":2,"column":null}},"1":{"start":{"line":6,"column":2},"end":{"line":6,"column":null}}},"fnMap":{"0":{"name":"throwError","decl":{"start":{"line":1,"column":16},"end":{"line":1,"column":27}},"loc":{"start":{"line":1,"column":71},"end":{"line":3,"column":null}},"line":1},"1":{"name":"throwType","decl":{"start":{"line":5,"column":16},"end":{"line":5,"column":26}},"loc":{"start":{"line":5,"column":50},"end":{"line":7,"column":null}},"line":5}},"branchMap":{"0":{"loc":{"start":{"line":1,"column":44},"end":{"line":1,"column":71}},"type":"default-arg","locations":[{"start":{"line":1,"column":57},"end":{"line":1,"column":71}}],"line":1}},"s":{"0":10,"1":3},"f":{"0":10,"1":3},"b":{"0":[10]},"meta":{"lastBranch":1,"lastFunction":2,"lastStatement":2,"seen":{"f:1:16:1:27":0,"b:1:57:1:71":0,"s:2:2:2:Infinity":0,"f:5:16:5:26":1,"s:6:2:6:Infinity":1}}}
,"/Users/cmtlyt/code/package/cmtlyt/lingshu-toolkit/src/shared/types/index.ts": {"path":"/Users/cmtlyt/code/package/cmtlyt/lingshu-toolkit/src/shared/types/index.ts","statementMap":{},"fnMap":{},"branchMap":{},"s":{},"f":{},"b":{},"meta":{"lastBranch":0,"lastFunction":0,"lastStatement":0,"seen":{}}}
}
